<?xml version="1.0" encoding="UTF-8"?>
<!-- Generated by org.testng.reporters.JUnitReportReporter -->
<testsuite hostname="IN-996XTN3" failures="0" tests="6" name="GreenCart_Tests.CheckoutPageTest" time="12.195" errors="0" timestamp="2023-09-13T17:46:04 IST" skipped="0">
  <testcase classname="GreenCart_Tests.CheckoutPageTest" name="VerifyProductDetailsInCheckoutPage" time="1.409"/>
  <system-out/>
  <testcase classname="GreenCart_Tests.CheckoutPageTest" name="VerifySingleLineOrder" time="1.573"/>
  <system-out/>
  <testcase classname="GreenCart_Tests.CheckoutPageTest" name="VerifySingleLineMultiQtyOrder" time="1.338"/>
  <system-out/>
  <testcase classname="GreenCart_Tests.CheckoutPageTest" name="VerifyMultiLIneOrder" time="1.438"/>
  <system-out/>
  <testcase classname="GreenCart_Tests.CheckoutPageTest" name="VerifyMultiLineMultiQtyOrder" time="4.179"/>
  <system-out/>
  <testcase classname="GreenCart_Tests.CheckoutPageTest" name="VerifyUserCanNavigateToTermsAndConditionsPage" time="2.258"/>
  <system-out/>
</testsuite> <!-- GreenCart_Tests.CheckoutPageTest -->
