<?xml version="1.0" encoding="UTF-8"?>
<!-- Generated by org.testng.reporters.JUnitReportReporter -->
<testsuite hostname="IN-996XTN3" failures="0" tests="1" name="GreenCart_Tests.VerifyProductsAreDisplayedOnTheHomePageTest" time="0.780" errors="0" timestamp="2023-09-10T12:20:38 IST" skipped="0">
  <testcase classname="GreenCart_Tests.VerifyProductsAreDisplayedOnTheHomePageTest" name="verifyProduct" time="0.780"/>
  <system-out/>
</testsuite> <!-- GreenCart_Tests.VerifyProductsAreDisplayedOnTheHomePageTest -->
