<?xml version="1.0" encoding="UTF-8"?>
<!-- Generated by org.testng.reporters.JUnitReportReporter -->
<testsuite hostname="IN-996XTN3" failures="0" tests="5" name="GreenCart_Tests.HomePageTest" time="5.450" errors="0" timestamp="2023-09-13T17:50:51 IST" skipped="0">
  <testcase classname="GreenCart_Tests.HomePageTest" name="VerifyProductsAreDisplayedOnTheHomePage" time="0.658"/>
  <system-out/>
  <testcase classname="GreenCart_Tests.HomePageTest" name="VerifyProductImagePriceAndAddToCartButtonAreDisplayedForEachProduct" time="3.141"/>
  <system-out/>
  <testcase classname="GreenCart_Tests.HomePageTest" name="VerifyAddToCartFuntionality" time="0.350"/>
  <system-out/>
  <testcase classname="GreenCart_Tests.HomePageTest" name="VerifyProductDetailsInMiniBasket" time="0.884"/>
  <system-out/>
  <testcase classname="GreenCart_Tests.HomePageTest" name="VerifySearchFuntioanlityOnHomePage" time="0.417"/>
  <system-out/>
</testsuite> <!-- GreenCart_Tests.HomePageTest -->
