<?xml version="1.0" encoding="UTF-8"?>
<!-- Generated by org.testng.reporters.JUnitReportReporter -->
<testsuite hostname="IN-996XTN3" failures="0" tests="7" name="GreenCart_Tests.CheckoutPageTest" time="8.284" errors="0" timestamp="2023-09-13T17:50:51 IST" skipped="1">
  <testcase classname="GreenCart_Tests.CheckoutPageTest" name="VerifyProductDetailsInCheckoutPage" time="1.184"/>
  <system-out/>
  <testcase classname="GreenCart_Tests.CheckoutPageTest" name="VerifySingleLineOrder" time="1.334"/>
  <system-out/>
  <testcase classname="GreenCart_Tests.CheckoutPageTest" name="VerifySingleLineMultiQtyOrder" time="1.190"/>
  <system-out/>
  <testcase classname="GreenCart_Tests.CheckoutPageTest" name="VerifySingleLineMultiQtyOrder" time="0.381">
    <skipped/>
  </testcase> <!-- VerifySingleLineMultiQtyOrder -->
  <system-out/>
  <testcase classname="GreenCart_Tests.CheckoutPageTest" name="VerifyMultiLIneOrder" time="1.311"/>
  <system-out/>
  <testcase classname="GreenCart_Tests.CheckoutPageTest" name="VerifyMultiLineMultiQtyOrder" time="1.516"/>
  <system-out/>
  <testcase classname="GreenCart_Tests.CheckoutPageTest" name="VerifyUserCanNavigateToTermsAndConditionsPage" time="1.368"/>
  <system-out/>
</testsuite> <!-- GreenCart_Tests.CheckoutPageTest -->
